  [1m[35m (1630.3ms)[0m  [1m[35mCREATE DATABASE "finance_tracker_development" ENCODING = 'unicode'[0m
  [1m[35m (772.4ms)[0m  [1m[35mCREATE DATABASE "finance_tracker_test" ENCODING = 'unicode'[0m
Started GET "/" for ::1 at 2021-08-17 16:39:23 +0530
Processing by Rails::WelcomeController#index as HTML
  Rendering /home/nirav/.rvm/gems/ruby-2.6.3/gems/railties-6.0.4/lib/rails/templates/rails/welcome/index.html.erb
  Rendered /home/nirav/.rvm/gems/ruby-2.6.3/gems/railties-6.0.4/lib/rails/templates/rails/welcome/index.html.erb (Duration: 9.2ms | Allocations: 478)
Completed 200 OK in 21ms (Views: 13.4ms | ActiveRecord: 0.0ms | Allocations: 2720)


Started GET "/" for ::1 at 2021-08-18 12:11:54 +0530
Processing by WelcomeController#index as HTML
Completed 500 Internal Server Error in 193ms (ActiveRecord: 0.0ms | Allocations: 54126)


  
NoMethodError (undefined method `authenticate_user!' for #<WelcomeController:0x000055703da5ee18>
Did you mean?  authenticate_with_http_digest):
  
activesupport (6.0.4) lib/active_support/callbacks.rb:428:in `block in make_lambda'
activesupport (6.0.4) lib/active_support/callbacks.rb:200:in `block (2 levels) in halting'
actionpack (6.0.4) lib/abstract_controller/callbacks.rb:34:in `block (2 levels) in <module:Callbacks>'
activesupport (6.0.4) lib/active_support/callbacks.rb:201:in `block in halting'
activesupport (6.0.4) lib/active_support/callbacks.rb:513:in `block in invoke_before'
activesupport (6.0.4) lib/active_support/callbacks.rb:513:in `each'
activesupport (6.0.4) lib/active_support/callbacks.rb:513:in `invoke_before'
activesupport (6.0.4) lib/active_support/callbacks.rb:134:in `run_callbacks'
actionpack (6.0.4) lib/abstract_controller/callbacks.rb:41:in `process_action'
actionpack (6.0.4) lib/action_controller/metal/rescue.rb:22:in `process_action'
actionpack (6.0.4) lib/action_controller/metal/instrumentation.rb:33:in `block in process_action'
activesupport (6.0.4) lib/active_support/notifications.rb:180:in `block in instrument'
activesupport (6.0.4) lib/active_support/notifications/instrumenter.rb:24:in `instrument'
activesupport (6.0.4) lib/active_support/notifications.rb:180:in `instrument'
actionpack (6.0.4) lib/action_controller/metal/instrumentation.rb:32:in `process_action'
actionpack (6.0.4) lib/action_controller/metal/params_wrapper.rb:245:in `process_action'
activerecord (6.0.4) lib/active_record/railties/controller_runtime.rb:27:in `process_action'
actionpack (6.0.4) lib/abstract_controller/base.rb:136:in `process'
actionview (6.0.4) lib/action_view/rendering.rb:39:in `process'
actionpack (6.0.4) lib/action_controller/metal.rb:190:in `dispatch'
actionpack (6.0.4) lib/action_controller/metal.rb:254:in `dispatch'
actionpack (6.0.4) lib/action_dispatch/routing/route_set.rb:50:in `dispatch'
actionpack (6.0.4) lib/action_dispatch/routing/route_set.rb:33:in `serve'
actionpack (6.0.4) lib/action_dispatch/journey/router.rb:49:in `block in serve'
actionpack (6.0.4) lib/action_dispatch/journey/router.rb:32:in `each'
actionpack (6.0.4) lib/action_dispatch/journey/router.rb:32:in `serve'
actionpack (6.0.4) lib/action_dispatch/routing/route_set.rb:834:in `call'
warden (1.2.8) lib/warden/manager.rb:36:in `block in call'
warden (1.2.8) lib/warden/manager.rb:34:in `catch'
warden (1.2.8) lib/warden/manager.rb:34:in `call'
rack (2.2.3) lib/rack/tempfile_reaper.rb:15:in `call'
rack (2.2.3) lib/rack/etag.rb:27:in `call'
rack (2.2.3) lib/rack/conditional_get.rb:27:in `call'
rack (2.2.3) lib/rack/head.rb:12:in `call'
actionpack (6.0.4) lib/action_dispatch/http/content_security_policy.rb:18:in `call'
rack (2.2.3) lib/rack/session/abstract/id.rb:266:in `context'
rack (2.2.3) lib/rack/session/abstract/id.rb:260:in `call'
actionpack (6.0.4) lib/action_dispatch/middleware/cookies.rb:654:in `call'
activerecord (6.0.4) lib/active_record/migration.rb:567:in `call'
actionpack (6.0.4) lib/action_dispatch/middleware/callbacks.rb:27:in `block in call'
activesupport (6.0.4) lib/active_support/callbacks.rb:101:in `run_callbacks'
actionpack (6.0.4) lib/action_dispatch/middleware/callbacks.rb:26:in `call'
actionpack (6.0.4) lib/action_dispatch/middleware/executor.rb:14:in `call'
actionpack (6.0.4) lib/action_dispatch/middleware/actionable_exceptions.rb:18:in `call'
actionpack (6.0.4) lib/action_dispatch/middleware/debug_exceptions.rb:32:in `call'
web-console (4.1.0) lib/web_console/middleware.rb:132:in `call_app'
web-console (4.1.0) lib/web_console/middleware.rb:28:in `block in call'
web-console (4.1.0) lib/web_console/middleware.rb:17:in `catch'
web-console (4.1.0) lib/web_console/middleware.rb:17:in `call'
actionpack (6.0.4) lib/action_dispatch/middleware/show_exceptions.rb:33:in `call'
railties (6.0.4) lib/rails/rack/logger.rb:37:in `call_app'
railties (6.0.4) lib/rails/rack/logger.rb:26:in `block in call'
activesupport (6.0.4) lib/active_support/tagged_logging.rb:80:in `block in tagged'
activesupport (6.0.4) lib/active_support/tagged_logging.rb:28:in `tagged'
activesupport (6.0.4) lib/active_support/tagged_logging.rb:80:in `tagged'
railties (6.0.4) lib/rails/rack/logger.rb:26:in `call'
sprockets-rails (3.2.2) lib/sprockets/rails/quiet_assets.rb:13:in `call'
actionpack (6.0.4) lib/action_dispatch/middleware/remote_ip.rb:81:in `call'
actionpack (6.0.4) lib/action_dispatch/middleware/request_id.rb:27:in `call'
rack (2.2.3) lib/rack/method_override.rb:24:in `call'
rack (2.2.3) lib/rack/runtime.rb:22:in `call'
activesupport (6.0.4) lib/active_support/cache/strategy/local_cache_middleware.rb:29:in `call'
actionpack (6.0.4) lib/action_dispatch/middleware/executor.rb:14:in `call'
actionpack (6.0.4) lib/action_dispatch/middleware/static.rb:126:in `call'
rack (2.2.3) lib/rack/sendfile.rb:110:in `call'
actionpack (6.0.4) lib/action_dispatch/middleware/host_authorization.rb:82:in `call'
webpacker (4.3.0) lib/webpacker/dev_server_proxy.rb:23:in `perform_request'
rack-proxy (0.7.0) lib/rack/proxy.rb:63:in `call'
railties (6.0.4) lib/rails/engine.rb:527:in `call'
puma (4.3.8) lib/puma/configuration.rb:228:in `call'
puma (4.3.8) lib/puma/server.rb:718:in `handle_request'
puma (4.3.8) lib/puma/server.rb:472:in `process_client'
puma (4.3.8) lib/puma/server.rb:328:in `block in run'
puma (4.3.8) lib/puma/thread_pool.rb:134:in `block in spawn_thread'
Started GET "/" for ::1 at 2021-08-18 12:13:11 +0530
Processing by WelcomeController#index as HTML
  Rendering welcome/index.html.erb within layouts/application
  Rendered welcome/index.html.erb within layouts/application (Duration: 20.0ms | Allocations: 204)
[Webpacker] Compiling...
[Webpacker] Compilation failed:
/usr/share/rvm/rubies/ruby-2.6.3/bin/ruby: No such file or directory -- ./bin/webpack (LoadError)

Completed 500 Internal Server Error in 640ms (ActiveRecord: 0.0ms | Allocations: 19683)


  
ActionView::Template::Error (Webpacker can't find application in /home/nirav/ROR Projects/finance-tracker/public/packs/manifest.json. Possible causes:
1. You want to set webpacker.yml value of compile to true for your environment
   unless you are using the `webpack -w` or the webpack-dev-server.
2. webpack has not yet re-run to reflect updates.
3. You have misconfigured Webpacker's config/webpacker.yml file.
4. Your webpack configuration is not creating a manifest.
Your manifest contains:
{
}
):
     6:     <%= csp_meta_tag %>
     7: 
     8:     <%= stylesheet_link_tag 'application', media: 'all', 'data-turbolinks-track': 'reload' %>
     9:     <%= javascript_pack_tag 'application', 'data-turbolinks-track': 'reload' %>
    10:   </head>
    11: 
    12:   <body>
  
app/views/layouts/application.html.erb:9
Started GET "/" for ::1 at 2021-08-18 12:20:42 +0530
Processing by WelcomeController#index as HTML
  Rendering welcome/index.html.erb within layouts/application
  Rendered welcome/index.html.erb within layouts/application (Duration: 1.2ms | Allocations: 204)
[Webpacker] Compiling...
[Webpacker] Compiled all packs in /home/nirav/ROR Projects/finance-tracker/public/packs
[Webpacker] Though the "loose" option was set to "false" in your @babel/preset-env config, it will not be used for @babel/plugin-proposal-private-property-in-object since the "loose" mode option was set to "true" for @babel/plugin-proposal-class-properties.
The "loose" option must be the same for @babel/plugin-proposal-class-properties, @babel/plugin-proposal-private-methods and @babel/plugin-proposal-private-property-in-object (when they are enabled): you can silence this warning by explicitly adding
	["@babel/plugin-proposal-private-property-in-object", { "loose": true }]
to the "plugins" section of your Babel config.
Though the "loose" option was set to "false" in your @babel/preset-env config, it will not be used for @babel/plugin-proposal-private-methods since the "loose" mode option was set to "true" for @babel/plugin-proposal-private-property-in-object.
The "loose" option must be the same for @babel/plugin-proposal-class-properties, @babel/plugin-proposal-private-methods and @babel/plugin-proposal-private-property-in-object (when they are enabled): you can silence this warning by explicitly adding
	["@babel/plugin-proposal-private-methods", { "loose": true }]
to the "plugins" section of your Babel config.
Though the "loose" option was set to "false" in your @babel/preset-env config, it will not be used for @babel/plugin-proposal-private-property-in-object since the "loose" mode option was set to "true" for @babel/plugin-proposal-class-properties.
The "loose" option must be the same for @babel/plugin-proposal-class-properties, @babel/plugin-proposal-private-methods and @babel/plugin-proposal-private-property-in-object (when they are enabled): you can silence this warning by explicitly adding
	["@babel/plugin-proposal-private-property-in-object", { "loose": true }]
to the "plugins" section of your Babel config.
Though the "loose" option was set to "false" in your @babel/preset-env config, it will not be used for @babel/plugin-proposal-private-methods since the "loose" mode option was set to "true" for @babel/plugin-proposal-private-property-in-object.
The "loose" option must be the same for @babel/plugin-proposal-class-properties, @babel/plugin-proposal-private-methods and @babel/plugin-proposal-private-property-in-object (when they are enabled): you can silence this warning by explicitly adding
	["@babel/plugin-proposal-private-methods", { "loose": true }]
to the "plugins" section of your Babel config.
Though the "loose" option was set to "false" in your @babel/preset-env config, it will not be used for @babel/plugin-proposal-private-property-in-object since the "loose" mode option was set to "true" for @babel/plugin-proposal-class-properties.
The "loose" option must be the same for @babel/plugin-proposal-class-properties, @babel/plugin-proposal-private-methods and @babel/plugin-proposal-private-property-in-object (when they are enabled): you can silence this warning by explicitly adding
	["@babel/plugin-proposal-private-property-in-object", { "loose": true }]
to the "plugins" section of your Babel config.
Though the "loose" option was set to "false" in your @babel/preset-env config, it will not be used for @babel/plugin-proposal-private-methods since the "loose" mode option was set to "true" for @babel/plugin-proposal-private-property-in-object.
The "loose" option must be the same for @babel/plugin-proposal-class-properties, @babel/plugin-proposal-private-methods and @babel/plugin-proposal-private-property-in-object (when they are enabled): you can silence this warning by explicitly adding
	["@babel/plugin-proposal-private-methods", { "loose": true }]
to the "plugins" section of your Babel config.
Though the "loose" option was set to "false" in your @babel/preset-env config, it will not be used for @babel/plugin-proposal-private-property-in-object since the "loose" mode option was set to "true" for @babel/plugin-proposal-class-properties.
The "loose" option must be the same for @babel/plugin-proposal-class-properties, @babel/plugin-proposal-private-methods and @babel/plugin-proposal-private-property-in-object (when they are enabled): you can silence this warning by explicitly adding
	["@babel/plugin-proposal-private-property-in-object", { "loose": true }]
to the "plugins" section of your Babel config.
Though the "loose" option was set to "false" in your @babel/preset-env config, it will not be used for @babel/plugin-proposal-private-methods since the "loose" mode option was set to "true" for @babel/plugin-proposal-private-property-in-object.
The "loose" option must be the same for @babel/plugin-proposal-class-properties, @babel/plugin-proposal-private-methods and @babel/plugin-proposal-private-property-in-object (when they are enabled): you can silence this warning by explicitly adding
	["@babel/plugin-proposal-private-methods", { "loose": true }]
to the "plugins" section of your Babel config.
Though the "loose" option was set to "false" in your @babel/preset-env config, it will not be used for @babel/plugin-proposal-private-property-in-object since the "loose" mode option was set to "true" for @babel/plugin-proposal-class-properties.
The "loose" option must be the same for @babel/plugin-proposal-class-properties, @babel/plugin-proposal-private-methods and @babel/plugin-proposal-private-property-in-object (when they are enabled): you can silence this warning by explicitly adding
	["@babel/plugin-proposal-private-property-in-object", { "loose": true }]
to the "plugins" section of your Babel config.
Though the "loose" option was set to "false" in your @babel/preset-env config, it will not be used for @babel/plugin-proposal-private-methods since the "loose" mode option was set to "true" for @babel/plugin-proposal-private-property-in-object.
The "loose" option must be the same for @babel/plugin-proposal-class-properties, @babel/plugin-proposal-private-methods and @babel/plugin-proposal-private-property-in-object (when they are enabled): you can silence this warning by explicitly adding
	["@babel/plugin-proposal-private-methods", { "loose": true }]
to the "plugins" section of your Babel config.
Though the "loose" option was set to "false" in your @babel/preset-env config, it will not be used for @babel/plugin-proposal-private-property-in-object since the "loose" mode option was set to "true" for @babel/plugin-proposal-class-properties.
The "loose" option must be the same for @babel/plugin-proposal-class-properties, @babel/plugin-proposal-private-methods and @babel/plugin-proposal-private-property-in-object (when they are enabled): you can silence this warning by explicitly adding
	["@babel/plugin-proposal-private-property-in-object", { "loose": true }]
to the "plugins" section of your Babel config.
Though the "loose" option was set to "false" in your @babel/preset-env config, it will not be used for @babel/plugin-proposal-private-methods since the "loose" mode option was set to "true" for @babel/plugin-proposal-private-property-in-object.
The "loose" option must be the same for @babel/plugin-proposal-class-properties, @babel/plugin-proposal-private-methods and @babel/plugin-proposal-private-property-in-object (when they are enabled): you can silence this warning by explicitly adding
	["@babel/plugin-proposal-private-methods", { "loose": true }]
to the "plugins" section of your Babel config.

[Webpacker] Hash: bdff1afdfbe7c189d484
Version: webpack 4.46.0
Time: 2495ms
Built at: 18/08/2021 12:20:46
                                     Asset       Size       Chunks                         Chunk Names
    js/application-a860ea931ce4c057e219.js    124 KiB  application  [emitted] [immutable]  application
js/application-a860ea931ce4c057e219.js.map    139 KiB  application  [emitted] [dev]        application
                             manifest.json  364 bytes               [emitted]              
Entrypoint application = js/application-a860ea931ce4c057e219.js js/application-a860ea931ce4c057e219.js.map
[./app/javascript/channels sync recursive _channel\.js$] ./app/javascript/channels sync _channel\.js$ 160 bytes {application} [built]
[./app/javascript/channels/index.js] 211 bytes {application} [built]
[./app/javascript/packs/application.js] 749 bytes {application} [built]
[./node_modules/webpack/buildin/module.js] (webpack)/buildin/module.js 552 bytes {application} [built]
    + 3 hidden modules

Completed 200 OK in 4694ms (Views: 4686.7ms | ActiveRecord: 0.0ms | Allocations: 8628)


  [1m[35m (523.8ms)[0m  [1m[35mCREATE TABLE "schema_migrations" ("version" character varying NOT NULL PRIMARY KEY)[0m
  [1m[35m (93.5ms)[0m  [1m[35mCREATE TABLE "ar_internal_metadata" ("key" character varying NOT NULL PRIMARY KEY, "value" character varying, "created_at" timestamp(6) NOT NULL, "updated_at" timestamp(6) NOT NULL)[0m
  [1m[35m (0.7ms)[0m  [1m[34mSELECT pg_try_advisory_lock(4978512331109723490)[0m
  [1m[35m (1.4ms)[0m  [1m[34mSELECT "schema_migrations"."version" FROM "schema_migrations" ORDER BY "schema_migrations"."version" ASC[0m
Migrating to DeviseCreateUsers (20210818091036)
  [1m[35m (0.4ms)[0m  [1m[35mBEGIN[0m
  [1m[35m (115.5ms)[0m  [1m[35mCREATE TABLE "users" ("id" bigserial primary key, "email" character varying DEFAULT '' NOT NULL, "encrypted_password" character varying DEFAULT '' NOT NULL, "reset_password_token" character varying, "reset_password_sent_at" timestamp, "remember_created_at" timestamp, "created_at" timestamp(6) NOT NULL, "updated_at" timestamp(6) NOT NULL)[0m
  [1m[35m (64.8ms)[0m  [1m[35mCREATE UNIQUE INDEX  "index_users_on_email" ON "users"  ("email")[0m
  [1m[35m (59.1ms)[0m  [1m[35mCREATE UNIQUE INDEX  "index_users_on_reset_password_token" ON "users"  ("reset_password_token")[0m
  [1m[36mActiveRecord::SchemaMigration Create (0.7ms)[0m  [1m[32mINSERT INTO "schema_migrations" ("version") VALUES ($1) RETURNING "version"[0m  [["version", "20210818091036"]]
  [1m[35m (14.4ms)[0m  [1m[35mCOMMIT[0m
  [1m[36mActiveRecord::InternalMetadata Load (0.4ms)[0m  [1m[34mSELECT "ar_internal_metadata".* FROM "ar_internal_metadata" WHERE "ar_internal_metadata"."key" = $1 LIMIT $2[0m  [["key", "environment"], ["LIMIT", 1]]
  [1m[35m (2.2ms)[0m  [1m[35mBEGIN[0m
  [1m[36mActiveRecord::InternalMetadata Create (0.8ms)[0m  [1m[32mINSERT INTO "ar_internal_metadata" ("key", "value", "created_at", "updated_at") VALUES ($1, $2, $3, $4) RETURNING "key"[0m  [["key", "environment"], ["value", "development"], ["created_at", "2021-08-18 09:11:39.709795"], ["updated_at", "2021-08-18 09:11:39.709795"]]
  [1m[35m (40.0ms)[0m  [1m[35mCOMMIT[0m
  [1m[35m (0.5ms)[0m  [1m[34mSELECT pg_advisory_unlock(4978512331109723490)[0m
  [1m[35m (1.4ms)[0m  [1m[34mSELECT "schema_migrations"."version" FROM "schema_migrations" ORDER BY "schema_migrations"."version" ASC[0m
Started GET "/" for ::1 at 2021-08-18 14:42:04 +0530
  [1m[35m (0.8ms)[0m  [1m[34mSELECT "schema_migrations"."version" FROM "schema_migrations" ORDER BY "schema_migrations"."version" ASC[0m
Processing by WelcomeController#index as HTML
  Rendering welcome/index.html.erb within layouts/application
  Rendered welcome/index.html.erb within layouts/application (Duration: 1.6ms | Allocations: 204)
[Webpacker] Everything's up-to-date. Nothing to do
Completed 200 OK in 32ms (Views: 22.1ms | ActiveRecord: 0.0ms | Allocations: 7536)


Started GET "/" for ::1 at 2021-08-18 14:42:05 +0530
Processing by WelcomeController#index as HTML
  Rendering welcome/index.html.erb within layouts/application
  Rendered welcome/index.html.erb within layouts/application (Duration: 0.1ms | Allocations: 5)
[Webpacker] Everything's up-to-date. Nothing to do
Completed 200 OK in 18ms (Views: 15.7ms | ActiveRecord: 0.0ms | Allocations: 3504)


Started GET "/" for ::1 at 2021-08-18 14:42:29 +0530
Processing by WelcomeController#index as HTML
Completed 401 Unauthorized in 110ms (ActiveRecord: 0.0ms | Allocations: 1692)


Started GET "/users/sign_in" for ::1 at 2021-08-18 14:42:30 +0530
Processing by Devise::SessionsController#new as HTML
  Rendering /home/nirav/.rvm/gems/ruby-2.6.3/gems/devise-4.7.1/app/views/devise/sessions/new.html.erb within layouts/application
  Rendered /home/nirav/.rvm/gems/ruby-2.6.3/gems/devise-4.7.1/app/views/devise/shared/_links.html.erb (Duration: 9.2ms | Allocations: 636)
  Rendered /home/nirav/.rvm/gems/ruby-2.6.3/gems/devise-4.7.1/app/views/devise/sessions/new.html.erb within layouts/application (Duration: 47.0ms | Allocations: 3902)
[Webpacker] Everything's up-to-date. Nothing to do
Completed 200 OK in 123ms (Views: 97.7ms | ActiveRecord: 5.9ms | Allocations: 14945)


Started GET "/users/sign_in" for ::1 at 2021-08-18 14:42:56 +0530
Processing by Devise::SessionsController#new as HTML
  Rendering /home/nirav/.rvm/gems/ruby-2.6.3/gems/devise-4.7.1/app/views/devise/sessions/new.html.erb within layouts/application
  Rendered /home/nirav/.rvm/gems/ruby-2.6.3/gems/devise-4.7.1/app/views/devise/shared/_links.html.erb (Duration: 7.1ms | Allocations: 541)
  Rendered /home/nirav/.rvm/gems/ruby-2.6.3/gems/devise-4.7.1/app/views/devise/sessions/new.html.erb within layouts/application (Duration: 31.7ms | Allocations: 1997)
[Webpacker] Everything's up-to-date. Nothing to do
Completed 200 OK in 73ms (Views: 67.4ms | ActiveRecord: 0.0ms | Allocations: 7278)


Started GET "/users/sign_up" for ::1 at 2021-08-18 14:43:43 +0530
Processing by Devise::RegistrationsController#new as HTML
  Rendering /home/nirav/.rvm/gems/ruby-2.6.3/gems/devise-4.7.1/app/views/devise/registrations/new.html.erb within layouts/application
  Rendered /home/nirav/.rvm/gems/ruby-2.6.3/gems/devise-4.7.1/app/views/devise/shared/_error_messages.html.erb (Duration: 6.1ms | Allocations: 211)
  Rendered /home/nirav/.rvm/gems/ruby-2.6.3/gems/devise-4.7.1/app/views/devise/shared/_links.html.erb (Duration: 0.4ms | Allocations: 124)
  Rendered /home/nirav/.rvm/gems/ruby-2.6.3/gems/devise-4.7.1/app/views/devise/registrations/new.html.erb within layouts/application (Duration: 40.6ms | Allocations: 1948)
[Webpacker] Everything's up-to-date. Nothing to do
Completed 200 OK in 73ms (Views: 72.1ms | ActiveRecord: 0.0ms | Allocations: 6440)


Started POST "/users" for ::1 at 2021-08-18 16:28:51 +0530
Processing by Devise::RegistrationsController#create as HTML
  Parameters: {"authenticity_token"=>"3NZ8VQjRRz7+enE5b6iLcj4TVszqJmdAhOktCJuvcirKzj7wOOPktVPM2q5r4mHi7jXpb9Cm8YCxRuTsP5EyJQ==", "user"=>{"email"=>"darjinirav18@gmail.com", "password"=>"[FILTERED]", "password_confirmation"=>"[FILTERED]"}, "commit"=>"Sign up"}
  [1m[35m (0.2ms)[0m  [1m[35mBEGIN[0m
  [1m[36mUser Exists? (1.7ms)[0m  [1m[34mSELECT 1 AS one FROM "users" WHERE "users"."email" = $1 LIMIT $2[0m  [["email", "darjinirav18@gmail.com"], ["LIMIT", 1]]
  [1m[36mUser Create (0.8ms)[0m  [1m[32mINSERT INTO "users" ("email", "encrypted_password", "created_at", "updated_at") VALUES ($1, $2, $3, $4) RETURNING "id"[0m  [["email", "darjinirav18@gmail.com"], ["encrypted_password", "$2a$11$J4Z3y9aUYavrdOSfI86yT.UlPTIEwWGi7v01fPagsLX0P8tRCkr.W"], ["created_at", "2021-08-18 10:58:52.101738"], ["updated_at", "2021-08-18 10:58:52.101738"]]
  [1m[35m (19.6ms)[0m  [1m[35mCOMMIT[0m
Redirected to http://localhost:3000/
Completed 302 Found in 279ms (ActiveRecord: 22.3ms | Allocations: 10512)


Started GET "/" for ::1 at 2021-08-18 16:28:52 +0530
Processing by WelcomeController#index as HTML
  [1m[36mUser Load (0.3ms)[0m  [1m[34mSELECT "users".* FROM "users" WHERE "users"."id" = $1 ORDER BY "users"."id" ASC LIMIT $2[0m  [["id", 1], ["LIMIT", 1]]
  Rendering welcome/index.html.erb within layouts/application
  Rendered welcome/index.html.erb within layouts/application (Duration: 0.4ms | Allocations: 89)
[Webpacker] Everything's up-to-date. Nothing to do
Completed 200 OK in 15ms (Views: 8.8ms | ActiveRecord: 0.7ms | Allocations: 5901)


Started GET "/" for ::1 at 2021-08-18 16:32:16 +0530
  [1m[35m (0.8ms)[0m  [1m[34mSELECT "schema_migrations"."version" FROM "schema_migrations" ORDER BY "schema_migrations"."version" ASC[0m
Processing by WelcomeController#index as HTML
  [1m[36mUser Load (2.1ms)[0m  [1m[34mSELECT "users".* FROM "users" WHERE "users"."id" = $1 ORDER BY "users"."id" ASC LIMIT $2[0m  [["id", 1], ["LIMIT", 1]]
  Rendering welcome/index.html.erb within layouts/application
  Rendered welcome/index.html.erb within layouts/application (Duration: 555.3ms | Allocations: 160079)
Completed 500 Internal Server Error in 603ms (ActiveRecord: 9.1ms | Allocations: 170526)


  
ActionView::Template::Error (undefined local variable or method `sign_out_path' for #<#<Class:0x000055735c7d83e8>:0x000055735c80ea88>):
    1: <h1>Welcome#index</h1>
    2: <p>Find me in app/views/welcome/index.html.erb</p>
    3: 
    4: <%= link_to 'Sign out', sign_out_path %>
  
app/views/welcome/index.html.erb:4
Started GET "/" for ::1 at 2021-08-18 16:33:32 +0530
Processing by WelcomeController#index as HTML
  [1m[36mUser Load (0.6ms)[0m  [1m[34mSELECT "users".* FROM "users" WHERE "users"."id" = $1 ORDER BY "users"."id" ASC LIMIT $2[0m  [["id", 1], ["LIMIT", 1]]
  Rendering welcome/index.html.erb within layouts/application
  Rendered welcome/index.html.erb within layouts/application (Duration: 0.9ms | Allocations: 165)
[Webpacker] Everything's up-to-date. Nothing to do
Completed 200 OK in 26ms (Views: 19.4ms | ActiveRecord: 0.6ms | Allocations: 8317)


Started GET "/users/sign_out" for ::1 at 2021-08-18 16:33:33 +0530
  
ActionController::RoutingError (No route matches [GET] "/users/sign_out"):
  
actionpack (6.0.4) lib/action_dispatch/middleware/debug_exceptions.rb:36:in `call'
web-console (4.1.0) lib/web_console/middleware.rb:132:in `call_app'
web-console (4.1.0) lib/web_console/middleware.rb:28:in `block in call'
web-console (4.1.0) lib/web_console/middleware.rb:17:in `catch'
web-console (4.1.0) lib/web_console/middleware.rb:17:in `call'
actionpack (6.0.4) lib/action_dispatch/middleware/show_exceptions.rb:33:in `call'
railties (6.0.4) lib/rails/rack/logger.rb:37:in `call_app'
railties (6.0.4) lib/rails/rack/logger.rb:26:in `block in call'
activesupport (6.0.4) lib/active_support/tagged_logging.rb:80:in `block in tagged'
activesupport (6.0.4) lib/active_support/tagged_logging.rb:28:in `tagged'
activesupport (6.0.4) lib/active_support/tagged_logging.rb:80:in `tagged'
railties (6.0.4) lib/rails/rack/logger.rb:26:in `call'
sprockets-rails (3.2.2) lib/sprockets/rails/quiet_assets.rb:13:in `call'
actionpack (6.0.4) lib/action_dispatch/middleware/remote_ip.rb:81:in `call'
actionpack (6.0.4) lib/action_dispatch/middleware/request_id.rb:27:in `call'
rack (2.2.3) lib/rack/method_override.rb:24:in `call'
rack (2.2.3) lib/rack/runtime.rb:22:in `call'
activesupport (6.0.4) lib/active_support/cache/strategy/local_cache_middleware.rb:29:in `call'
actionpack (6.0.4) lib/action_dispatch/middleware/executor.rb:14:in `call'
actionpack (6.0.4) lib/action_dispatch/middleware/static.rb:126:in `call'
rack (2.2.3) lib/rack/sendfile.rb:110:in `call'
actionpack (6.0.4) lib/action_dispatch/middleware/host_authorization.rb:82:in `call'
webpacker (4.3.0) lib/webpacker/dev_server_proxy.rb:23:in `perform_request'
rack-proxy (0.7.0) lib/rack/proxy.rb:63:in `call'
railties (6.0.4) lib/rails/engine.rb:527:in `call'
puma (4.3.8) lib/puma/configuration.rb:228:in `call'
puma (4.3.8) lib/puma/server.rb:718:in `handle_request'
puma (4.3.8) lib/puma/server.rb:472:in `process_client'
puma (4.3.8) lib/puma/server.rb:328:in `block in run'
puma (4.3.8) lib/puma/thread_pool.rb:134:in `block in spawn_thread'
Started GET "/users/sign_out" for ::1 at 2021-08-18 16:34:10 +0530
  
ActionController::RoutingError (No route matches [GET] "/users/sign_out"):
  
actionpack (6.0.4) lib/action_dispatch/middleware/debug_exceptions.rb:36:in `call'
web-console (4.1.0) lib/web_console/middleware.rb:132:in `call_app'
web-console (4.1.0) lib/web_console/middleware.rb:28:in `block in call'
web-console (4.1.0) lib/web_console/middleware.rb:17:in `catch'
web-console (4.1.0) lib/web_console/middleware.rb:17:in `call'
actionpack (6.0.4) lib/action_dispatch/middleware/show_exceptions.rb:33:in `call'
railties (6.0.4) lib/rails/rack/logger.rb:37:in `call_app'
railties (6.0.4) lib/rails/rack/logger.rb:26:in `block in call'
activesupport (6.0.4) lib/active_support/tagged_logging.rb:80:in `block in tagged'
activesupport (6.0.4) lib/active_support/tagged_logging.rb:28:in `tagged'
activesupport (6.0.4) lib/active_support/tagged_logging.rb:80:in `tagged'
railties (6.0.4) lib/rails/rack/logger.rb:26:in `call'
sprockets-rails (3.2.2) lib/sprockets/rails/quiet_assets.rb:13:in `call'
actionpack (6.0.4) lib/action_dispatch/middleware/remote_ip.rb:81:in `call'
actionpack (6.0.4) lib/action_dispatch/middleware/request_id.rb:27:in `call'
rack (2.2.3) lib/rack/method_override.rb:24:in `call'
rack (2.2.3) lib/rack/runtime.rb:22:in `call'
activesupport (6.0.4) lib/active_support/cache/strategy/local_cache_middleware.rb:29:in `call'
actionpack (6.0.4) lib/action_dispatch/middleware/executor.rb:14:in `call'
actionpack (6.0.4) lib/action_dispatch/middleware/static.rb:126:in `call'
rack (2.2.3) lib/rack/sendfile.rb:110:in `call'
actionpack (6.0.4) lib/action_dispatch/middleware/host_authorization.rb:82:in `call'
webpacker (4.3.0) lib/webpacker/dev_server_proxy.rb:23:in `perform_request'
rack-proxy (0.7.0) lib/rack/proxy.rb:63:in `call'
railties (6.0.4) lib/rails/engine.rb:527:in `call'
puma (4.3.8) lib/puma/configuration.rb:228:in `call'
puma (4.3.8) lib/puma/server.rb:718:in `handle_request'
puma (4.3.8) lib/puma/server.rb:472:in `process_client'
puma (4.3.8) lib/puma/server.rb:328:in `block in run'
puma (4.3.8) lib/puma/thread_pool.rb:134:in `block in spawn_thread'
Started GET "/users/sign_out" for ::1 at 2021-08-18 16:34:11 +0530
  
ActionController::RoutingError (No route matches [GET] "/users/sign_out"):
  
actionpack (6.0.4) lib/action_dispatch/middleware/debug_exceptions.rb:36:in `call'
web-console (4.1.0) lib/web_console/middleware.rb:132:in `call_app'
web-console (4.1.0) lib/web_console/middleware.rb:28:in `block in call'
web-console (4.1.0) lib/web_console/middleware.rb:17:in `catch'
web-console (4.1.0) lib/web_console/middleware.rb:17:in `call'
actionpack (6.0.4) lib/action_dispatch/middleware/show_exceptions.rb:33:in `call'
railties (6.0.4) lib/rails/rack/logger.rb:37:in `call_app'
railties (6.0.4) lib/rails/rack/logger.rb:26:in `block in call'
activesupport (6.0.4) lib/active_support/tagged_logging.rb:80:in `block in tagged'
activesupport (6.0.4) lib/active_support/tagged_logging.rb:28:in `tagged'
activesupport (6.0.4) lib/active_support/tagged_logging.rb:80:in `tagged'
railties (6.0.4) lib/rails/rack/logger.rb:26:in `call'
sprockets-rails (3.2.2) lib/sprockets/rails/quiet_assets.rb:13:in `call'
actionpack (6.0.4) lib/action_dispatch/middleware/remote_ip.rb:81:in `call'
actionpack (6.0.4) lib/action_dispatch/middleware/request_id.rb:27:in `call'
rack (2.2.3) lib/rack/method_override.rb:24:in `call'
rack (2.2.3) lib/rack/runtime.rb:22:in `call'
activesupport (6.0.4) lib/active_support/cache/strategy/local_cache_middleware.rb:29:in `call'
actionpack (6.0.4) lib/action_dispatch/middleware/executor.rb:14:in `call'
actionpack (6.0.4) lib/action_dispatch/middleware/static.rb:126:in `call'
rack (2.2.3) lib/rack/sendfile.rb:110:in `call'
actionpack (6.0.4) lib/action_dispatch/middleware/host_authorization.rb:82:in `call'
webpacker (4.3.0) lib/webpacker/dev_server_proxy.rb:23:in `perform_request'
rack-proxy (0.7.0) lib/rack/proxy.rb:63:in `call'
railties (6.0.4) lib/rails/engine.rb:527:in `call'
puma (4.3.8) lib/puma/configuration.rb:228:in `call'
puma (4.3.8) lib/puma/server.rb:718:in `handle_request'
puma (4.3.8) lib/puma/server.rb:472:in `process_client'
puma (4.3.8) lib/puma/server.rb:328:in `block in run'
puma (4.3.8) lib/puma/thread_pool.rb:134:in `block in spawn_thread'
Started GET "/" for ::1 at 2021-08-18 16:34:16 +0530
Processing by WelcomeController#index as HTML
  [1m[36mUser Load (0.9ms)[0m  [1m[34mSELECT "users".* FROM "users" WHERE "users"."id" = $1 ORDER BY "users"."id" ASC LIMIT $2[0m  [["id", 1], ["LIMIT", 1]]
  Rendering welcome/index.html.erb within layouts/application
  Rendered welcome/index.html.erb within layouts/application (Duration: 1.5ms | Allocations: 157)
[Webpacker] Everything's up-to-date. Nothing to do
Completed 200 OK in 34ms (Views: 21.6ms | ActiveRecord: 0.9ms | Allocations: 6201)


Started DELETE "/users/sign_out" for ::1 at 2021-08-18 16:34:18 +0530
Processing by Devise::SessionsController#destroy as HTML
  Parameters: {"authenticity_token"=>"R7kXPeYJ2x5rPmbVodeGZ7xyh/Ya0KgEBTAbVbjf6jV7qpvhfiuHOwcqVuUirhqLc4vfASWt1LOi+DREtLGW9w=="}
  [1m[36mUser Load (0.5ms)[0m  [1m[34mSELECT "users".* FROM "users" WHERE "users"."id" = $1 ORDER BY "users"."id" ASC LIMIT $2[0m  [["id", 1], ["LIMIT", 1]]
Redirected to http://localhost:3000/
Completed 302 Found in 35ms (ActiveRecord: 0.5ms | Allocations: 4988)


Started GET "/" for ::1 at 2021-08-18 16:34:18 +0530
Processing by WelcomeController#index as HTML
Completed 401 Unauthorized in 4ms (ActiveRecord: 0.0ms | Allocations: 301)


Started GET "/users/sign_in" for ::1 at 2021-08-18 16:34:18 +0530
Processing by Devise::SessionsController#new as HTML
  Rendering /home/nirav/.rvm/gems/ruby-2.6.3/gems/devise-4.7.1/app/views/devise/sessions/new.html.erb within layouts/application
  Rendered /home/nirav/.rvm/gems/ruby-2.6.3/gems/devise-4.7.1/app/views/devise/shared/_links.html.erb (Duration: 2.2ms | Allocations: 633)
  Rendered /home/nirav/.rvm/gems/ruby-2.6.3/gems/devise-4.7.1/app/views/devise/sessions/new.html.erb within layouts/application (Duration: 11.5ms | Allocations: 2847)
[Webpacker] Everything's up-to-date. Nothing to do
Completed 200 OK in 28ms (Views: 24.9ms | ActiveRecord: 0.0ms | Allocations: 7915)


Started POST "/users/sign_in" for ::1 at 2021-08-18 16:34:30 +0530
Processing by Devise::SessionsController#create as HTML
  Parameters: {"authenticity_token"=>"ZrKaH5hXMNlBPIaClAzbEDXrpmPeVZu2ILhRliLLqXScHHwDLp1SEIrVMUr6ustX0Mlg57MpsKrEVvQfV1L4yw==", "user"=>{"email"=>"darjinirav18@gmail.com", "password"=>"[FILTERED]", "remember_me"=>"0"}, "commit"=>"Log in"}
  [1m[36mUser Load (1.0ms)[0m  [1m[34mSELECT "users".* FROM "users" WHERE "users"."email" = $1 ORDER BY "users"."id" ASC LIMIT $2[0m  [["email", "darjinirav18@gmail.com"], ["LIMIT", 1]]
Redirected to http://localhost:3000/
Completed 302 Found in 238ms (ActiveRecord: 1.0ms | Allocations: 4553)


Started GET "/" for ::1 at 2021-08-18 16:34:31 +0530
Processing by WelcomeController#index as HTML
  [1m[36mUser Load (0.6ms)[0m  [1m[34mSELECT "users".* FROM "users" WHERE "users"."id" = $1 ORDER BY "users"."id" ASC LIMIT $2[0m  [["id", 1], ["LIMIT", 1]]
  Rendering welcome/index.html.erb within layouts/application
  Rendered welcome/index.html.erb within layouts/application (Duration: 0.4ms | Allocations: 55)
[Webpacker] Everything's up-to-date. Nothing to do
Completed 200 OK in 16ms (Views: 9.6ms | ActiveRecord: 0.6ms | Allocations: 5043)


Started DELETE "/users/sign_out" for ::1 at 2021-08-18 16:34:32 +0530
Processing by Devise::SessionsController#destroy as HTML
  Parameters: {"authenticity_token"=>"UTPLFLpfyp4UyjCqsJuqUz+2prDGX2vaCwHLU4D0CSf8ArVTnT/wv6Z5GZLIRfRLJsiBkQ8YUouvQJT1JHYOnw=="}
  [1m[36mUser Load (0.6ms)[0m  [1m[34mSELECT "users".* FROM "users" WHERE "users"."id" = $1 ORDER BY "users"."id" ASC LIMIT $2[0m  [["id", 1], ["LIMIT", 1]]
Redirected to http://localhost:3000/
Completed 302 Found in 9ms (ActiveRecord: 0.6ms | Allocations: 2138)


Started GET "/" for ::1 at 2021-08-18 16:34:32 +0530
Processing by WelcomeController#index as HTML
Completed 401 Unauthorized in 2ms (ActiveRecord: 0.0ms | Allocations: 276)


Started GET "/users/sign_in" for ::1 at 2021-08-18 16:34:32 +0530
Processing by Devise::SessionsController#new as HTML
  Rendering /home/nirav/.rvm/gems/ruby-2.6.3/gems/devise-4.7.1/app/views/devise/sessions/new.html.erb within layouts/application
  Rendered /home/nirav/.rvm/gems/ruby-2.6.3/gems/devise-4.7.1/app/views/devise/shared/_links.html.erb (Duration: 0.9ms | Allocations: 134)
  Rendered /home/nirav/.rvm/gems/ruby-2.6.3/gems/devise-4.7.1/app/views/devise/sessions/new.html.erb within layouts/application (Duration: 8.7ms | Allocations: 1055)
[Webpacker] Everything's up-to-date. Nothing to do
Completed 200 OK in 24ms (Views: 20.8ms | ActiveRecord: 0.0ms | Allocations: 4816)


Started GET "/users/sign_in" for ::1 at 2021-08-18 17:37:08 +0530
Processing by Devise::SessionsController#new as HTML
  Rendering /home/nirav/.rvm/gems/ruby-2.6.3/gems/devise-4.7.1/app/views/devise/sessions/new.html.erb within layouts/application
  Rendered /home/nirav/.rvm/gems/ruby-2.6.3/gems/devise-4.7.1/app/views/devise/shared/_links.html.erb (Duration: 1.8ms | Allocations: 541)
  Rendered /home/nirav/.rvm/gems/ruby-2.6.3/gems/devise-4.7.1/app/views/devise/sessions/new.html.erb within layouts/application (Duration: 6.9ms | Allocations: 1997)
[Webpacker] Everything's up-to-date. Nothing to do
Completed 200 OK in 20ms (Views: 18.1ms | ActiveRecord: 0.0ms | Allocations: 7294)


Started GET "/users/sign_in" for ::1 at 2021-08-18 17:41:52 +0530
  [1m[35m (1.3ms)[0m  [1m[34mSELECT "schema_migrations"."version" FROM "schema_migrations" ORDER BY "schema_migrations"."version" ASC[0m
Processing by Devise::SessionsController#new as HTML
  Rendering /home/nirav/.rvm/gems/ruby-2.6.3/gems/devise-4.7.1/app/views/devise/sessions/new.html.erb within layouts/application
  Rendered /home/nirav/.rvm/gems/ruby-2.6.3/gems/devise-4.7.1/app/views/devise/shared/_links.html.erb (Duration: 1.3ms | Allocations: 637)
  Rendered /home/nirav/.rvm/gems/ruby-2.6.3/gems/devise-4.7.1/app/views/devise/sessions/new.html.erb within layouts/application (Duration: 14.3ms | Allocations: 5304)
[Webpacker] Compiling...
[Webpacker] Compiled all packs in /home/nirav/ROR Projects/finance-tracker/public/packs
[Webpacker] Though the "loose" option was set to "false" in your @babel/preset-env config, it will not be used for @babel/plugin-proposal-private-property-in-object since the "loose" mode option was set to "true" for @babel/plugin-proposal-class-properties.
The "loose" option must be the same for @babel/plugin-proposal-class-properties, @babel/plugin-proposal-private-methods and @babel/plugin-proposal-private-property-in-object (when they are enabled): you can silence this warning by explicitly adding
	["@babel/plugin-proposal-private-property-in-object", { "loose": true }]
to the "plugins" section of your Babel config.
Though the "loose" option was set to "false" in your @babel/preset-env config, it will not be used for @babel/plugin-proposal-private-methods since the "loose" mode option was set to "true" for @babel/plugin-proposal-private-property-in-object.
The "loose" option must be the same for @babel/plugin-proposal-class-properties, @babel/plugin-proposal-private-methods and @babel/plugin-proposal-private-property-in-object (when they are enabled): you can silence this warning by explicitly adding
	["@babel/plugin-proposal-private-methods", { "loose": true }]
to the "plugins" section of your Babel config.

[Webpacker] Hash: f3412e1c41b3e46d9fb1
Version: webpack 4.46.0
Time: 3620ms
Built at: 18/08/2021 17:41:58
                                     Asset       Size       Chunks                         Chunk Names
    js/application-9a090d781e7251babff5.js    433 KiB  application  [emitted] [immutable]  application
js/application-9a090d781e7251babff5.js.map    506 KiB  application  [emitted] [dev]        application
                             manifest.json  364 bytes               [emitted]              
Entrypoint application = js/application-9a090d781e7251babff5.js js/application-9a090d781e7251babff5.js.map
[./app/javascript/channels sync recursive _channel\.js$] ./app/javascript/channels sync _channel\.js$ 160 bytes {application} [built]
[./app/javascript/channels/index.js] 211 bytes {application} [built]
[./app/javascript/packs/application.js] 749 bytes {application} [built]
[./node_modules/webpack/buildin/module.js] (webpack)/buildin/module.js 552 bytes {application} [built]
    + 4 hidden modules

Completed 200 OK in 5787ms (Views: 5757.9ms | ActiveRecord: 6.3ms | Allocations: 66392)


Started GET "/users/sign_in" for ::1 at 2021-08-18 17:42:01 +0530
Processing by Devise::SessionsController#new as HTML
  Rendering /home/nirav/.rvm/gems/ruby-2.6.3/gems/devise-4.7.1/app/views/devise/sessions/new.html.erb within layouts/application
  Rendered /home/nirav/.rvm/gems/ruby-2.6.3/gems/devise-4.7.1/app/views/devise/shared/_links.html.erb (Duration: 1.0ms | Allocations: 134)
  Rendered /home/nirav/.rvm/gems/ruby-2.6.3/gems/devise-4.7.1/app/views/devise/sessions/new.html.erb within layouts/application (Duration: 7.5ms | Allocations: 1055)
[Webpacker] Everything's up-to-date. Nothing to do
Completed 200 OK in 38ms (Views: 34.2ms | ActiveRecord: 0.0ms | Allocations: 5539)


Started GET "/users/sign_in" for ::1 at 2021-08-18 17:42:02 +0530
Processing by Devise::SessionsController#new as HTML
  Rendering /home/nirav/.rvm/gems/ruby-2.6.3/gems/devise-4.7.1/app/views/devise/sessions/new.html.erb within layouts/application
  Rendered /home/nirav/.rvm/gems/ruby-2.6.3/gems/devise-4.7.1/app/views/devise/shared/_links.html.erb (Duration: 2.2ms | Allocations: 134)
  Rendered /home/nirav/.rvm/gems/ruby-2.6.3/gems/devise-4.7.1/app/views/devise/sessions/new.html.erb within layouts/application (Duration: 10.0ms | Allocations: 1048)
[Webpacker] Everything's up-to-date. Nothing to do
Completed 200 OK in 31ms (Views: 26.9ms | ActiveRecord: 0.0ms | Allocations: 5524)


Started GET "/users/sign_in" for ::1 at 2021-08-18 17:42:03 +0530
Processing by Devise::SessionsController#new as HTML
  Rendering /home/nirav/.rvm/gems/ruby-2.6.3/gems/devise-4.7.1/app/views/devise/sessions/new.html.erb within layouts/application
  Rendered /home/nirav/.rvm/gems/ruby-2.6.3/gems/devise-4.7.1/app/views/devise/shared/_links.html.erb (Duration: 1.7ms | Allocations: 134)
  Rendered /home/nirav/.rvm/gems/ruby-2.6.3/gems/devise-4.7.1/app/views/devise/sessions/new.html.erb within layouts/application (Duration: 13.6ms | Allocations: 1048)
[Webpacker] Everything's up-to-date. Nothing to do
Completed 200 OK in 43ms (Views: 38.9ms | ActiveRecord: 0.0ms | Allocations: 5524)


Started GET "/users/sign_in" for ::1 at 2021-08-18 17:42:03 +0530
Processing by Devise::SessionsController#new as HTML
  Rendering /home/nirav/.rvm/gems/ruby-2.6.3/gems/devise-4.7.1/app/views/devise/sessions/new.html.erb within layouts/application
  Rendered /home/nirav/.rvm/gems/ruby-2.6.3/gems/devise-4.7.1/app/views/devise/shared/_links.html.erb (Duration: 1.5ms | Allocations: 134)
  Rendered /home/nirav/.rvm/gems/ruby-2.6.3/gems/devise-4.7.1/app/views/devise/sessions/new.html.erb within layouts/application (Duration: 14.9ms | Allocations: 1048)
[Webpacker] Everything's up-to-date. Nothing to do
Completed 200 OK in 114ms (Views: 109.6ms | ActiveRecord: 0.0ms | Allocations: 5538)


Started GET "/users/sign_in" for ::1 at 2021-08-18 17:42:04 +0530
Processing by Devise::SessionsController#new as HTML
  Rendering /home/nirav/.rvm/gems/ruby-2.6.3/gems/devise-4.7.1/app/views/devise/sessions/new.html.erb within layouts/application
  Rendered /home/nirav/.rvm/gems/ruby-2.6.3/gems/devise-4.7.1/app/views/devise/shared/_links.html.erb (Duration: 1.6ms | Allocations: 134)
  Rendered /home/nirav/.rvm/gems/ruby-2.6.3/gems/devise-4.7.1/app/views/devise/sessions/new.html.erb within layouts/application (Duration: 15.1ms | Allocations: 1047)
[Webpacker] Everything's up-to-date. Nothing to do
Completed 200 OK in 61ms (Views: 55.7ms | ActiveRecord: 0.0ms | Allocations: 5507)


Started GET "/users/sign_in" for ::1 at 2021-08-18 17:42:04 +0530
Processing by Devise::SessionsController#new as HTML
  Rendering /home/nirav/.rvm/gems/ruby-2.6.3/gems/devise-4.7.1/app/views/devise/sessions/new.html.erb within layouts/application
  Rendered /home/nirav/.rvm/gems/ruby-2.6.3/gems/devise-4.7.1/app/views/devise/shared/_links.html.erb (Duration: 1.3ms | Allocations: 134)
  Rendered /home/nirav/.rvm/gems/ruby-2.6.3/gems/devise-4.7.1/app/views/devise/sessions/new.html.erb within layouts/application (Duration: 10.1ms | Allocations: 1047)
[Webpacker] Everything's up-to-date. Nothing to do
Completed 200 OK in 54ms (Views: 48.4ms | ActiveRecord: 0.0ms | Allocations: 5507)


Started GET "/users/sign_in" for ::1 at 2021-08-18 17:42:05 +0530
Processing by Devise::SessionsController#new as HTML
  Rendering /home/nirav/.rvm/gems/ruby-2.6.3/gems/devise-4.7.1/app/views/devise/sessions/new.html.erb within layouts/application
  Rendered /home/nirav/.rvm/gems/ruby-2.6.3/gems/devise-4.7.1/app/views/devise/shared/_links.html.erb (Duration: 0.6ms | Allocations: 134)
  Rendered /home/nirav/.rvm/gems/ruby-2.6.3/gems/devise-4.7.1/app/views/devise/sessions/new.html.erb within layouts/application (Duration: 5.5ms | Allocations: 1047)
[Webpacker] Everything's up-to-date. Nothing to do
Completed 200 OK in 17ms (Views: 14.8ms | ActiveRecord: 0.0ms | Allocations: 5514)


Started GET "/users/sign_in" for ::1 at 2021-08-18 17:42:05 +0530
Processing by Devise::SessionsController#new as HTML
  Rendering /home/nirav/.rvm/gems/ruby-2.6.3/gems/devise-4.7.1/app/views/devise/sessions/new.html.erb within layouts/application
  Rendered /home/nirav/.rvm/gems/ruby-2.6.3/gems/devise-4.7.1/app/views/devise/shared/_links.html.erb (Duration: 1.4ms | Allocations: 134)
  Rendered /home/nirav/.rvm/gems/ruby-2.6.3/gems/devise-4.7.1/app/views/devise/sessions/new.html.erb within layouts/application (Duration: 15.6ms | Allocations: 1047)
[Webpacker] Everything's up-to-date. Nothing to do
Completed 200 OK in 54ms (Views: 48.6ms | ActiveRecord: 0.0ms | Allocations: 5511)


Started GET "/users/sign_in" for ::1 at 2021-08-18 17:42:06 +0530
Processing by Devise::SessionsController#new as HTML
  Rendering /home/nirav/.rvm/gems/ruby-2.6.3/gems/devise-4.7.1/app/views/devise/sessions/new.html.erb within layouts/application
  Rendered /home/nirav/.rvm/gems/ruby-2.6.3/gems/devise-4.7.1/app/views/devise/shared/_links.html.erb (Duration: 1.2ms | Allocations: 134)
  Rendered /home/nirav/.rvm/gems/ruby-2.6.3/gems/devise-4.7.1/app/views/devise/sessions/new.html.erb within layouts/application (Duration: 11.4ms | Allocations: 1047)
[Webpacker] Everything's up-to-date. Nothing to do
Completed 200 OK in 45ms (Views: 41.7ms | ActiveRecord: 0.0ms | Allocations: 5518)


Started GET "/users/sign_in" for ::1 at 2021-08-18 17:42:06 +0530
Processing by Devise::SessionsController#new as HTML
  Rendering /home/nirav/.rvm/gems/ruby-2.6.3/gems/devise-4.7.1/app/views/devise/sessions/new.html.erb within layouts/application
  Rendered /home/nirav/.rvm/gems/ruby-2.6.3/gems/devise-4.7.1/app/views/devise/shared/_links.html.erb (Duration: 0.4ms | Allocations: 134)
  Rendered /home/nirav/.rvm/gems/ruby-2.6.3/gems/devise-4.7.1/app/views/devise/sessions/new.html.erb within layouts/application (Duration: 3.7ms | Allocations: 1047)
[Webpacker] Everything's up-to-date. Nothing to do
Completed 200 OK in 14ms (Views: 12.3ms | ActiveRecord: 0.0ms | Allocations: 5522)


Started GET "/users/sign_in" for ::1 at 2021-08-18 17:42:08 +0530
Processing by Devise::SessionsController#new as HTML
  Rendering /home/nirav/.rvm/gems/ruby-2.6.3/gems/devise-4.7.1/app/views/devise/sessions/new.html.erb within layouts/application
  Rendered /home/nirav/.rvm/gems/ruby-2.6.3/gems/devise-4.7.1/app/views/devise/shared/_links.html.erb (Duration: 5.6ms | Allocations: 134)
  Rendered /home/nirav/.rvm/gems/ruby-2.6.3/gems/devise-4.7.1/app/views/devise/sessions/new.html.erb within layouts/application (Duration: 19.2ms | Allocations: 1047)
[Webpacker] Everything's up-to-date. Nothing to do
Completed 200 OK in 63ms (Views: 57.6ms | ActiveRecord: 0.0ms | Allocations: 5509)


Started GET "/users/sign_in" for ::1 at 2021-08-18 17:42:08 +0530
Processing by Devise::SessionsController#new as HTML
  Rendering /home/nirav/.rvm/gems/ruby-2.6.3/gems/devise-4.7.1/app/views/devise/sessions/new.html.erb within layouts/application
  Rendered /home/nirav/.rvm/gems/ruby-2.6.3/gems/devise-4.7.1/app/views/devise/shared/_links.html.erb (Duration: 1.5ms | Allocations: 134)
  Rendered /home/nirav/.rvm/gems/ruby-2.6.3/gems/devise-4.7.1/app/views/devise/sessions/new.html.erb within layouts/application (Duration: 15.4ms | Allocations: 1047)
[Webpacker] Everything's up-to-date. Nothing to do
Completed 200 OK in 88ms (Views: 78.1ms | ActiveRecord: 0.0ms | Allocations: 5516)


